<?xml version="1.0" encoding="UTF-8"?>
<testng-results ignored="0" total="1" passed="1" failed="0" skipped="0">
  <reporter-output>
  </reporter-output>
  <suite started-at="2022-09-05T08:28:55 EDT" name="Default suite" finished-at="2022-09-05T08:29:04 EDT" duration-ms="9312">
    <groups>
    </groups>
    <test started-at="2022-09-05T08:28:55 EDT" name="Default test" finished-at="2022-09-05T08:29:04 EDT" duration-ms="9312">
      <class name="com.maven.App">
        <test-method signature="Setup()[pri:0, instance:com.maven.App@550ee7e5]" started-at="2022-09-05T08:28:55 EDT" name="Setup" finished-at="2022-09-05T08:29:04 EDT" duration-ms="9217" status="PASS">
          <reporter-output>
          </reporter-output>
        </test-method> <!-- Setup -->
      </class> <!-- com.maven.App -->
    </test> <!-- Default test -->
  </suite> <!-- Default suite -->
</testng-results>
